Assembler report for dds_and_nios_lab
Wed Nov 29 20:46:58 2017
Quartus II 64-Bit Version 14.1.0 Build 186 12/03/2014 SJ Full Version


---------------------
; Table of Contents ;
---------------------
  1. Legal Notice
  2. Assembler Summary
  3. Assembler Settings
  4. Assembler Encrypted IP Cores Summary
  5. Assembler Generated Files
  6. Assembler Device Options: C:/Users/t2v0b/Desktop/Lab5/New/dds_and_nios_lab.sof
  7. Assembler Device Options: C:/Users/t2v0b/Desktop/Lab5/New/dds_and_nios_lab.pof
  8. Assembler Messages



----------------
; Legal Notice ;
----------------
Copyright (C) 1991-2014 Altera Corporation. All rights reserved.
Your use of Altera Corporation's design tools, logic functions 
and other software and tools, and its AMPP partner logic 
functions, and any output files from any of the foregoing 
(including device programming or simulation files), and any 
associated documentation or information are expressly subject 
to the terms and conditions of the Altera Program License 
Subscription Agreement, the Altera Quartus II License Agreement,
the Altera MegaCore Function License Agreement, or other 
applicable license agreement, including, without limitation, 
that your use is for the sole purpose of programming logic 
devices manufactured by Altera and sold by Altera or its 
authorized distributors.  Please refer to the applicable 
agreement for further details.



+---------------------------------------------------------------+
; Assembler Summary                                             ;
+-----------------------+---------------------------------------+
; Assembler Status      ; Successful - Wed Nov 29 20:46:58 2017 ;
; Revision Name         ; dds_and_nios_lab                      ;
; Top-level Entity Name ; dds_and_nios_lab                      ;
; Family                ; Cyclone V                             ;
; Device                ; 5CSEMA5F31C6                          ;
+-----------------------+---------------------------------------+


+----------------------------------+
; Assembler Settings               ;
+--------+---------+---------------+
; Option ; Setting ; Default Value ;
+--------+---------+---------------+


+-------------------------------------------------------+
; Assembler Encrypted IP Cores Summary                  ;
+--------+-------------------------------+--------------+
; Vendor ; IP Core Name                  ; License Type ;
+--------+-------------------------------+--------------+
; Altera ; Nios II Processor (6AF7 00A2) ; Licensed     ;
; Altera ; Signal Tap (6AF7 BCE1)        ; Licensed     ;
; Altera ; Signal Tap (6AF7 BCEC)        ; Licensed     ;
+--------+-------------------------------+--------------+


+------------------------------------------------------+
; Assembler Generated Files                            ;
+------------------------------------------------------+
; File Name                                            ;
+------------------------------------------------------+
; C:/Users/t2v0b/Desktop/Lab5/New/dds_and_nios_lab.sof ;
; C:/Users/t2v0b/Desktop/Lab5/New/dds_and_nios_lab.pof ;
+------------------------------------------------------+


+--------------------------------------------------------------------------------+
; Assembler Device Options: C:/Users/t2v0b/Desktop/Lab5/New/dds_and_nios_lab.sof ;
+----------------+---------------------------------------------------------------+
; Option         ; Setting                                                       ;
+----------------+---------------------------------------------------------------+
; Device         ; 5CSEMA5F31C6                                                  ;
; JTAG usercode  ; 0x0296F9B7                                                    ;
; Checksum       ; 0x0296F9B7                                                    ;
+----------------+---------------------------------------------------------------+


+--------------------------------------------------------------------------------+
; Assembler Device Options: C:/Users/t2v0b/Desktop/Lab5/New/dds_and_nios_lab.pof ;
+--------------------+-----------------------------------------------------------+
; Option             ; Setting                                                   ;
+--------------------+-----------------------------------------------------------+
; Device             ; EPCS128                                                   ;
; JTAG usercode      ; 0x00000000                                                ;
; Checksum           ; 0xE0840655                                                ;
; Compression Ratio  ; 2                                                         ;
+--------------------+-----------------------------------------------------------+


+--------------------+
; Assembler Messages ;
+--------------------+
Info: *******************************************************************
Info: Running Quartus II 64-Bit Assembler
    Info: Version 14.1.0 Build 186 12/03/2014 SJ Full Version
    Info: Processing started: Wed Nov 29 20:46:44 2017
Info: Command: quartus_asm --read_settings_files=off --write_settings_files=off dds_and_nios_lab -c dds_and_nios_lab
Info (115030): Assembler is generating device programming files
Info: Quartus II 64-Bit Assembler was successful. 0 errors, 0 warnings
    Info: Peak virtual memory: 867 megabytes
    Info: Processing ended: Wed Nov 29 20:46:59 2017
    Info: Elapsed time: 00:00:15
    Info: Total CPU time (on all processors): 00:00:15


